<?xml version="1.0" encoding="UTF-8"?>
<!-- Generated by org.testng.reporters.JUnitReportReporter -->
<testsuite skipped="0" hostname="PC-Komputer" name="OurFirstTest" tests="1" failures="0" timestamp="2020-02-26T19:25:39 CET" time="0.078" errors="0">
  <testcase name="sayHallow" time="0.078" classname="OurFirstTest"/>
  <system-out/>
</testsuite> <!-- OurFirstTest -->
